[2021-01-31 16:06:36,292]-log.py]-INFO:---测试---
[2021-01-31 16:12:09,608]-log.py]-ERROR:找不到项目:'shanpinAp'
[2021-01-31 16:15:31,458]-log.py]-ERROR:找不到项目:'shanpinAp'
[2021-01-31 16:15:45,521]-log.py]-ERROR:找不到项目:
[2021-01-31 16:18:39,326]-log.py]-ERROR:执行sql语句出错
[2021-01-31 16:28:37,538]-log.py]-INFO:status ==> 期望结果:1, 实际结果：【1】
[2021-01-31 16:28:37,538]-log.py]-INFO:*************测试用例执行结束****************
[2021-01-31 16:28:38,871]-log.py]-INFO:status ==> 期望结果:1, 实际结果：【1】
[2021-01-31 16:28:38,871]-log.py]-INFO:*************测试用例执行结束****************
[2021-01-31 16:28:40,202]-log.py]-INFO:status ==> 期望结果:1, 实际结果：【1】
[2021-01-31 16:28:40,202]-log.py]-INFO:*************测试用例执行结束****************
[2021-01-31 16:28:41,550]-log.py]-INFO:status ==> 期望结果:1, 实际结果：【1】
[2021-01-31 16:28:41,550]-log.py]-INFO:*************测试用例执行结束****************
[2021-01-31 16:28:42,910]-log.py]-INFO:status ==> 期望结果:1, 实际结果：【1】
[2021-01-31 16:28:42,910]-log.py]-INFO:*************测试用例执行结束****************
[2021-01-31 16:30:04,311]-log.py]-INFO:status ==> 期望结果:1, 实际结果：【1】
[2021-01-31 16:30:04,311]-log.py]-INFO:*************测试用例执行结束****************
[2021-01-31 16:30:05,385]-log.py]-INFO:status ==> 期望结果:1, 实际结果：【1】
[2021-01-31 16:30:05,401]-log.py]-INFO:*************测试用例执行结束****************
[2021-01-31 16:30:06,451]-log.py]-INFO:status ==> 期望结果:1, 实际结果：【1】
[2021-01-31 16:30:06,451]-log.py]-INFO:*************测试用例执行结束****************
[2021-01-31 16:30:07,415]-log.py]-INFO:status ==> 期望结果:1, 实际结果：【1】
[2021-01-31 16:30:07,417]-log.py]-INFO:*************测试用例执行结束****************
[2021-01-31 16:30:08,355]-log.py]-INFO:status ==> 期望结果:1, 实际结果：【1】
[2021-01-31 16:30:08,355]-log.py]-INFO:*************测试用例执行结束****************
[2021-01-31 16:31:21,923]-log.py]-INFO:status ==> 期望结果:1, 实际结果：【1】
[2021-01-31 16:31:21,923]-log.py]-INFO:*************测试用例执行结束****************
[2021-01-31 16:31:24,732]-log.py]-INFO:status ==> 期望结果:1, 实际结果：【1】
[2021-01-31 16:31:24,732]-log.py]-INFO:*************测试用例执行结束****************
[2021-01-31 16:31:27,920]-log.py]-INFO:status ==> 期望结果:1, 实际结果：【1】
[2021-01-31 16:31:27,920]-log.py]-INFO:*************测试用例执行结束****************
[2021-01-31 16:31:30,648]-log.py]-INFO:status ==> 期望结果:1, 实际结果：【1】
[2021-01-31 16:31:30,648]-log.py]-INFO:*************测试用例执行结束****************
[2021-01-31 16:31:32,914]-log.py]-INFO:status ==> 期望结果:1, 实际结果：【1】
[2021-01-31 16:31:32,914]-log.py]-INFO:*************测试用例执行结束****************
[2021-01-31 16:55:03,588]-log.py]-INFO:status ==> 期望结果:1, 实际结果：【1】
[2021-01-31 16:55:03,588]-log.py]-INFO:*************测试用例执行结束****************
[2021-01-31 16:55:04,889]-log.py]-INFO:status ==> 期望结果:1, 实际结果：【1】
[2021-01-31 16:55:04,889]-log.py]-INFO:*************测试用例执行结束****************
[2021-01-31 16:55:06,217]-log.py]-INFO:status ==> 期望结果:1, 实际结果：【1】
[2021-01-31 16:55:06,217]-log.py]-INFO:*************测试用例执行结束****************
[2021-01-31 16:55:07,563]-log.py]-INFO:status ==> 期望结果:1, 实际结果：【1】
[2021-01-31 16:55:07,563]-log.py]-INFO:*************测试用例执行结束****************
[2021-01-31 16:55:08,918]-log.py]-INFO:status ==> 期望结果:1, 实际结果：【1】
[2021-01-31 16:55:08,918]-log.py]-INFO:*************测试用例执行结束****************
[2021-01-31 16:55:32,769]-log.py]-INFO:status ==> 期望结果:1, 实际结果：【1】
[2021-01-31 16:55:32,785]-log.py]-INFO:*************测试用例执行结束****************
[2021-01-31 16:55:33,892]-log.py]-INFO:status ==> 期望结果:1, 实际结果：【1】
[2021-01-31 16:55:33,892]-log.py]-INFO:*************测试用例执行结束****************
[2021-01-31 16:55:34,797]-log.py]-INFO:status ==> 期望结果:1, 实际结果：【1】
[2021-01-31 16:55:34,797]-log.py]-INFO:*************测试用例执行结束****************
[2021-01-31 17:11:43,163]-log.py]-INFO:status ==> 期望结果:1, 实际结果：【1】
[2021-01-31 17:11:43,179]-log.py]-INFO:*************测试用例执行结束****************
[2021-01-31 17:11:44,561]-log.py]-INFO:status ==> 期望结果:1, 实际结果：【1】
[2021-01-31 17:11:44,577]-log.py]-INFO:*************测试用例执行结束****************
[2021-01-31 17:11:45,920]-log.py]-INFO:status ==> 期望结果:1, 实际结果：【1】
[2021-01-31 17:11:45,936]-log.py]-INFO:*************测试用例执行结束****************
[2021-01-31 17:11:47,355]-log.py]-INFO:status ==> 期望结果:1, 实际结果：【1】
[2021-01-31 17:11:47,358]-log.py]-INFO:*************测试用例执行结束****************
[2021-01-31 17:11:48,760]-log.py]-INFO:status ==> 期望结果:1, 实际结果：【1】
[2021-01-31 17:11:48,760]-log.py]-INFO:*************测试用例执行结束****************
[2021-01-31 17:15:49,145]-log.py]-INFO:status ==> 期望结果:1, 实际结果：【1】
[2021-01-31 17:15:49,149]-log.py]-INFO:*************测试用例执行结束****************
[2021-01-31 17:15:50,514]-log.py]-INFO:status ==> 期望结果:1, 实际结果：【1】
[2021-01-31 17:15:50,518]-log.py]-INFO:*************测试用例执行结束****************
[2021-01-31 17:15:51,865]-log.py]-INFO:status ==> 期望结果:1, 实际结果：【1】
[2021-01-31 17:15:51,868]-log.py]-INFO:*************测试用例执行结束****************
[2021-01-31 17:15:53,297]-log.py]-INFO:status ==> 期望结果:1, 实际结果：【1】
[2021-01-31 17:15:53,301]-log.py]-INFO:*************测试用例执行结束****************
[2021-01-31 17:15:54,716]-log.py]-INFO:status ==> 期望结果:1, 实际结果：【1】
[2021-01-31 17:15:54,720]-log.py]-INFO:*************测试用例执行结束****************
